==== LHAPDF6 USING DEFAULT-TYPE LHAGLUE INTERFACE ====
LHAPDF 6.5.5 loading /home/hamzeh-khanpour/local/share/LHAPDF/NNPDF23_nlo_as_0119/NNPDF23_nlo_as_0119_0000.dat
NNPDF23_nlo_as_0119 PDF set, member #0, version 6; LHAPDF ID = 230000
 Process in group number            1
 A PDF is used, so alpha_s(MZ) is going to be modified
 Old value of alpha_s from param_card:   0.11900250000000000     
 New value of alpha_s from PDF lhapdf :  0.11900242160818149     
 using LHAPDF
 Define smin to   198.83882144448401     
 Warning: pt or E min of a jet should in general be >0
 Warning: pt or E min of a jet should in general be >0
 Warning: pt or E min of a jet should in general be >0
 Warning: pt or E min of a jet should in general be >0
 *****************************************************
 *               MadGraph/MadEvent                   *
 *        --------------------------------           *
 *          http://madgraph.hep.uiuc.edu             *
 *          http://madgraph.phys.ucl.ac.be           *
 *          http://madgraph.roma2.infn.it            *
 *        --------------------------------           *
 *                                                   *
 *          PARAMETER AND COUPLING VALUES            *
 *                                                   *
 *****************************************************

  External Params
  ---------------------------------
  
 mdl_MC =    1.2700000000000000     
 mdl_MB =    4.7000000000000002     
 mdl_MT =    172.00000000000000     
 mdl_Me =    5.1099999999999995E-004
 mdl_MM =   0.10566000000000000     
 mdl_MTA =    1.7769999999999999     
 mdl_MZ =    91.188000000000002     
 mdl_MH =    125.00000000000000     
 aEWM1 =    132.50700000000001     
 mdl_Gf =    1.1663900000000000E-005
 aS =   0.11900250000000000     
 mdl_lamWS =   0.22530000000000000     
 mdl_AWS =   0.80800000000000005     
 mdl_rhoWS =   0.13200000000000001     
 mdl_etaWS =   0.34100000000000003     
 mdl_ymc =    1.2700000000000000     
 mdl_ymb =    4.2000000000000002     
 mdl_ymt =    164.50000000000000     
 mdl_yme =    5.1099999999999995E-004
 mdl_ymm =   0.10566000000000000     
 mdl_ymtau =    1.7769999999999999     
 mdl_WT =    1.5083359999999999     
 mdl_WTau =    2.2699999999999998E-012
 mdl_WZ =    2.4414039999999999     
 mdl_WW =    2.0476000000000001     
 mdl_WH =    6.3823389999999999E-003
  Internal Params
  ---------------------------------
  
 mdl_lamWS__exp__2 =    5.0760090000000001E-002
 mdl_CKM1x1 =               (0.97461995499999998,0.0000000000000000)
 mdl_CKM1x2 =               (0.22530000000000000,0.0000000000000000)
 mdl_complexi =                (0.0000000000000000,1.0000000000000000)
 mdl_lamWS__exp__3 =    1.1436248277000001E-002
 mdl_CKM1x3 =   (1.21974449623171223E-003,-3.15100661526525631E-003)
 mdl_CKM2x1 =              (-0.22530000000000000,0.0000000000000000)
 mdl_CKM2x2 =               (0.97461995499999998,0.0000000000000000)
 mdl_CKM2x3 =          (4.10141527200000022E-002,0.0000000000000000)
 mdl_CKM3x1 =   (8.02074411158428847E-003,-3.15100661526525631E-003)
 mdl_CKM3x2 =         (-4.10141527200000022E-002,0.0000000000000000)
 mdl_CKM3x3 =                (1.0000000000000000,0.0000000000000000)
 mdl_MZ__exp__2 =    8315.2513440000002     
 mdl_MZ__exp__4 =    69143404.913893804     
 mdl_sqrt__2 =    1.4142135623730951     
 mdl_MH__exp__2 =    15625.000000000000     
 mdl_conjg__CKM1x3 =    (1.21974449623171223E-003,3.15100661526525631E-003)
 mdl_conjg__CKM2x3 =         (4.10141527200000022E-002,-0.0000000000000000)
 mdl_conjg__CKM3x3 =               (1.0000000000000000,-0.0000000000000000)
 mdl_conjg__CKM2x1 =             (-0.22530000000000000,-0.0000000000000000)
 mdl_conjg__CKM3x1 =    (8.02074411158428847E-003,3.15100661526525631E-003)
 mdl_conjg__CKM2x2 =              (0.97461995499999998,-0.0000000000000000)
 mdl_conjg__CKM3x2 =        (-4.10141527200000022E-002,-0.0000000000000000)
 mdl_conjg__CKM1x1 =              (0.97461995499999998,-0.0000000000000000)
 mdl_conjg__CKM1x2 =              (0.22530000000000000,-0.0000000000000000)
 mdl_aEW =    7.5467711139788835E-003
 mdl_MW =    80.419002445756163     
 mdl_sqrt__aEW =    8.6872153846781555E-002
 mdl_ee =   0.30795376724436879     
 mdl_MW__exp__2 =    6467.2159543705357     
 mdl_sw2 =   0.22224648578577766     
 mdl_cw =   0.88190334743339216     
 mdl_sqrt__sw2 =   0.47143025548407230     
 mdl_sw =   0.47143025548407230     
 mdl_g1 =   0.34919219678733299     
 mdl_gw =   0.65323293034757990     
 mdl_vev =    246.21845810181637     
 mdl_vev__exp__2 =    60623.529110035903     
 mdl_lam =   0.12886910601690263     
 mdl_yb =    2.4123686777011714E-002
 mdl_yc =    7.2945433825725896E-003
 mdl_ye =    2.9350485578697581E-006
 mdl_ym =    6.0688303449025181E-004
 mdl_yt =   0.94484439876629200     
 mdl_ytau =    1.0206617000654717E-002
 mdl_muH =    88.388347648318430     
 mdl_I1x31 =    (2.94247341750777691E-005,7.60138966189508980E-005)
 mdl_I1x32 =          (9.89412573641803173E-004,0.0000000000000000)
 mdl_I1x33 =          (2.41236867770117137E-002,0.0000000000000000)
 mdl_I2x12 =        (-1.64346062409360450E-003,-0.0000000000000000)
 mdl_I2x13 =    (7.57835514776813383E-003,2.97721095090890987E-003)
 mdl_I2x22 =          (7.10940754326844487E-003,0.0000000000000000)
 mdl_I2x23 =        (-3.87519924676372821E-002,-0.0000000000000000)
 mdl_I2x32 =          (2.99179516315497575E-004,0.0000000000000000)
 mdl_I2x33 =               (0.94484439876629200,0.0000000000000000)
 mdl_I3x21 =         (-1.64346062409360450E-003,0.0000000000000000)
 mdl_I3x22 =          (7.10940754326844487E-003,0.0000000000000000)
 mdl_I3x23 =          (2.99179516315497575E-004,0.0000000000000000)
 mdl_I3x31 =   (7.57835514776813383E-003,-2.97721095090890987E-003)
 mdl_I3x32 =         (-3.87519924676372821E-002,0.0000000000000000)
 mdl_I3x33 =               (0.94484439876629200,0.0000000000000000)
 mdl_I4x13 =   (2.94247341750777691E-005,-7.60138966189508980E-005)
 mdl_I4x23 =          (9.89412573641803173E-004,0.0000000000000000)
 mdl_I4x33 =          (2.41236867770117137E-002,0.0000000000000000)
 mdl_ee__exp__2 =    9.4835522759998875E-002
 mdl_sw__exp__2 =   0.22224648578577769     
 mdl_cw__exp__2 =   0.77775351421422245     
  Internal Params evaluated point by point
  ----------------------------------------
  
 mdl_sqrt__aS =   0.34496738976314850     
 mdl_G__exp__2 =    1.4954295190352773     
  Couplings of sm-full
  ---------------------------------
  
        GC_11 =   0.00000E+00   0.12229E+01
         GC_2 =   0.00000E+00   0.20530E+00
         GC_3 =  -0.00000E+00  -0.30795E+00
        GC_40 =   0.00000E+00   0.46191E+00
        GC_41 =   0.00000E+00   0.45018E+00
        GC_42 =   0.00000E+00   0.10407E+00
        GC_43 =   0.14555E-02   0.56341E-03
        GC_44 =  -0.00000E+00  -0.10407E+00
        GC_45 =   0.00000E+00   0.45018E+00
        GC_46 =   0.00000E+00   0.18945E-01
        GC_49 =   0.00000E+00   0.46191E+00
        GC_50 =  -0.00000E+00  -0.28804E+00
        GC_51 =   0.00000E+00   0.28804E+00
        GC_58 =  -0.00000E+00  -0.27437E-01
        GC_59 =   0.00000E+00   0.82310E-01
        GC_89 =  -0.00000E+00  -0.20754E-05
        GC_94 =  -0.00000E+00  -0.66811E+00
       GC_100 =   0.00000E+00   0.45018E+00
       GC_101 =   0.00000E+00   0.10407E+00
       GC_102 =  -0.14555E-02   0.56341E-03
       GC_103 =   0.00000E+00  -0.10407E+00
       GC_104 =   0.00000E+00   0.45018E+00
       GC_105 =   0.00000E+00   0.18945E-01
       GC_108 =   0.00000E+00   0.46191E+00

 Collider parameters:
 --------------------

 Running at P e   machine @    1183.2159566199232       GeV
 PDF set = lhapdf 
 alpha_s(Mz)= 0.1190 running at 2 loops.
 alpha_s(Mz)= 0.1190 running at 2 loops.
 Renormalization scale set on event-by-event basis
 Factorization   scale set on event-by-event basis


 getting user params
Enter number of events and max and min iterations: 
 Number of events and iterations         1000           5           3
Enter desired fractional accuracy: 
 Desired fractional accuracy:   0.10000000000000001     
Enter 0 for fixed, 2 for adjustable grid: 
Suppress amplitude (0 no, 1 yes)? 
 Using suppressed amplitude.
Exact helicity sum (0 yes, n = number/event)? 
 Explicitly summing over helicities
Enter Configuration Number: 
Running Configuration Number:    1
 Not subdividing B.W.
 Attempting mappinvarients           1           9
 Determine nb_t
 T-channel found:            2
 Completed mapping           9
 about to integrate           18        1000           7           3          18           1
 Using non-zero grid deformation.
 18 dimensions   1000 events 18 invarients  7 iterations  1 config(s),  (0.99)
 Using h-tuple random number sequence.
 Error opening grid
 Using Uniform Grid!          36
 Using uniform alpha   1.0000000000000000     
 Grid defined OK
 Masses: 0.000E+00 0.511E-03 0.511E-03 0.470E+01 0.511E-03 0.000E+00 0.470E+01 0.000E+00 0.470E+01
 Set CM energy to       1183.22
 Mapping Graph           1  to config           1
 Determine nb_t
 T-channel found:            2
 Setting BW          -1           1   80.419002445756163     
 Setting BW          -2           2   172.00000000000000     
 Setting BW          -3           3   80.419002445756163     
 Setting BW          -4           4   172.00000000000000     
Setting grid   5    0.71429E-08   1
Setting grid   6    0.15938E-01   1
 Transforming s_hat 1/s           18   6.3793727827650873E-002   198.83882144448401        1400000.8735231042     
Using random seed offsets     1 :      3
  with seed                   24
 Ranmar initialization seeds       31059        9400
  Particle       3       4       5       6       7       8       9
      Et >     0.1     0.0     0.0     0.0     0.0     0.0     0.0
       E >     0.0     0.0     0.0     0.0     0.0     0.0     0.0
     Eta <     9.0    -1.0    -1.0    -1.0    -1.0    -1.0    -1.0
   xqcut:      0.0     0.0     0.0     0.0     0.0     0.0     0.0
d R # 3  >    -0.0     0.0     0.0     0.0     0.0     0.0     0.0
d R # 4  >    -0.0    -0.0     0.0     0.0     0.0     0.0     0.0
d R # 5  >    -0.0    -0.0    -0.0     0.0     0.0     0.0     0.0
d R # 6  >    -0.0    -0.0    -0.0    -0.0     0.0     0.0     0.0
d R # 7  >    -0.0    -0.0    -0.0    -0.0    -0.0     0.0     0.0
d R # 8  >    -0.0    -0.0    -0.0    -0.0    -0.0    -0.0     0.0
s min # 3>     0.0    22.1     0.0     0.0    22.1     0.0     0.0
s min # 4>     0.0     0.0    22.1    22.1    88.4    22.1     0.0
s min # 5>     0.0     0.0     0.0     0.0    22.1     0.0     0.0
s min # 6>     0.0     0.0     0.0     0.0    22.1     0.0     0.0
s min # 7>     0.0     0.0     0.0     0.0     0.0    22.1     0.0
s min # 8>     0.0     0.0     0.0     0.0     0.0     0.0     0.0
xqcutij # 3>     0.0     0.0     0.0     0.0     0.0     0.0     0.0
xqcutij # 4>     0.0     0.0     0.0     0.0     0.0     0.0     0.0
xqcutij # 5>     0.0     0.0     0.0     0.0     0.0     0.0     0.0
xqcutij # 6>     0.0     0.0     0.0     0.0     0.0     0.0     0.0
xqcutij # 7>     0.0     0.0     0.0     0.0     0.0     0.0     0.0
xqcutij # 8>     0.0     0.0     0.0     0.0     0.0     0.0     0.0
 No cut BW           -1           1
 No cut BW           -2           2
 No cut BW           -3           3
 No cut BW           -4           4
 No cut BW           -6           5
 
 ********************************************
 * You are using the DiscreteSampler module *
 *      part of the MG5_aMC framework       *
 *         Author: Valentin Hirschi         *
 ********************************************
 
 RESET CUMULATIVE VARIABLE
 Iteration  1   Mean: 0.6343E-06 Abs mean: 0.6344E-06   Fluctuation:  0.617E-06   0.617E-03    54.0%
  1    0.6343E-06 0.6344E-06 +- 0.6167E-06     30.74
 Writing out events   1.6792326234140849E-010   30.744060071860130     
 Relative summed weights:
  0.1000E+01  0.0000E+00
 Relative number of events:
  0.1000E+01  0.0000E+00
 Events:
         965           0
 Iteration  2   Mean: 0.1061E-07 Abs mean: 0.1062E-07   Fluctuation:  0.218E-08   0.231E-05    72.2%
  2    0.1061E-07 0.1062E-07 +- 0.2178E-08      9.17
 Relative summed weights:
  0.1000E+01  0.0000E+00
 Relative number of events:
  0.1000E+01  0.0000E+00
 Events:
        1969           0
 Iteration  3   Mean: 0.4290E-07 Abs mean: 0.4290E-07   Fluctuation:  0.129E-07   0.398E-04    77.2%
  3    0.4290E-07 0.4290E-07 +- 0.1290E-07     19.01
 Relative summed weights:
  0.1000E+01  0.0000E+00
 Relative number of events:
  0.1000E+01  0.0000E+00
 Events:
Thanks for using LHAPDF 6.5.5. Please make sure to cite the paper:
  Eur.Phys.J. C75 (2015) 3, 132  (http://arxiv.org/abs/1412.7420)
        3977           0
 Accuracy:    1.903   0.100   0.167 130.068
 Found           94  events.
 Wrote            7  events.
 Actual xsec    3.8923561231029693E-008
 Correct abs xsec    3.8934353778450317E-008
 Event xsec    3.8934353778450324E-008
 Events wgts > 1:            1
 % Cross section > 1:    4.8206216092379654E-016   1.2381409067860578E-006
 Iteration  4   Mean: 0.5929E-07 Abs mean: 0.5930E-07   Fluctuation:  0.895E-08   0.357E-04    74.8%
  4    0.5929E-07 0.5930E-07 +- 0.8949E-08     13.50
 Relative summed weights:
  0.1000E+01  0.0000E+00
 Relative number of events:
  0.1000E+01  0.0000E+00
 Events:
        7960           0
 Accuracy:    0.818   0.100   0.112  53.386
 Found          170  events.
 Wrote           15  events.
 Actual xsec    4.2279884973092283E-008
 Correct abs xsec    4.2287256127711746E-008
 Event xsec    4.2287256127711746E-008
 Events wgts > 1:            1
 % Cross section > 1:    8.7628854538422882E-011  0.20722284338755623     
 Iteration  5   Mean: 0.7792E-07 Abs mean: 0.7793E-07   Fluctuation:  0.148E-07   0.220E-03    69.6%
  5    0.7792E-07 0.7793E-07 +- 0.1482E-07     24.05
 Relative summed weights:
  0.1000E+01  0.0000E+00
 Relative number of events:
  0.1000E+01  0.0000E+00
 Events:
       15887           0
 Accuracy:    0.544   0.100   0.096  31.872
 Found          223  events.
 Wrote            5  events.
 Actual xsec    6.3333618112890163E-008
 Correct abs xsec    6.3341268020516135E-008
 Event xsec    6.3341268020516135E-008
 Events wgts > 1:            1
 % Cross section > 1:    9.1714790271701042E-017   1.4479468620993626E-007
 Iteration  6   Mean: 0.5964E-07 Abs mean: 0.5971E-07   Fluctuation:  0.170E-08   0.144E-04    67.1%
  6    0.5964E-07 0.5971E-07 +- 0.1701E-08      5.10
 Relative summed weights:
  0.1000E+01  0.0000E+00
 Relative number of events:
  0.1000E+01  0.0000E+00
 Events:
       31772           0
 Accuracy:    0.133   0.100   0.027  23.655
 Found         1230  events.
 Wrote          266  events.
 Actual xsec    6.0015778029213241E-008
 Correct abs xsec    6.0086189770184755E-008
 Event xsec    6.0086189770184411E-008
 Events wgts > 1:            7
 % Cross section > 1:    5.4408208843179982E-010  0.90550272951702582     
 Iteration  7   Mean: 0.6636E-07 Abs mean: 0.6642E-07   Fluctuation:  0.154E-08   0.478E-04    64.5%
  7    0.6636E-07 0.6642E-07 +- 0.1538E-08      5.86
 Relative summed weights:
  0.1000E+01  0.0000E+00
 Relative number of events:
  0.1000E+01  0.0000E+00
 Events:
       63556           0
 Accuracy:    0.077   0.100   0.018  18.833
 Finished due to accuracy    7.6670644576671873E-002  0.10000000000000001     

 -------------------------------------------------------------------------------
 Accumulated results:   Integral =  0.6353E-07
                        Std dev  =  0.1122E-08
                       Cross sec =  0.6347E-07
             Chi**2 per DoF.     =     18.8325
 -------------------------------------------------------------------------------
 Found         2070  events.
 Wrote          173  events.
 Actual xsec    6.3809872100720846E-008
 Correct abs xsec    6.3873747393406281E-008
 Event xsec    6.3873747393405910E-008
 Events wgts > 1:            2
 % Cross section > 1:    5.4096553935401064E-010  0.84692939028947267     
-------------------------------------------------
---------------------------
 Results Last   3 iters: Integral =   0.6381E-07
                     Abs integral =   0.6387E-07
                          Std dev =   0.1143E-08
                  Chi**2 per DoF. =      4.8067
-------------------------------------------------
---------------------------
 Status  0.10000000000000001                8           7

ls status:
events.lhe
ftn26
input_app.txt
results.dat
run1_app.log
