==== LHAPDF6 USING DEFAULT-TYPE LHAGLUE INTERFACE ====
LHAPDF 6.5.5 loading /home/hamzeh-khanpour/local/share/LHAPDF/NNPDF23_nlo_as_0119/NNPDF23_nlo_as_0119_0000.dat
NNPDF23_nlo_as_0119 PDF set, member #0, version 6; LHAPDF ID = 230000
 Process in group number            2
 A PDF is used, so alpha_s(MZ) is going to be modified
 Old value of alpha_s from param_card:   0.11900250000000000     
 New value of alpha_s from PDF lhapdf :  0.11900242160818149     
 using LHAPDF
 Define smin to   118.40312494240005     
 Define smin to   118.40312494240005     
 Warning: pt or E min of a jet should in general be >0
 Warning: pt or E min of a jet should in general be >0
 Warning: pt or E min of a jet should in general be >0
 Warning: pt or E min of a jet should in general be >0
 *****************************************************
 *               MadGraph/MadEvent                   *
 *        --------------------------------           *
 *          http://madgraph.hep.uiuc.edu             *
 *          http://madgraph.phys.ucl.ac.be           *
 *          http://madgraph.roma2.infn.it            *
 *        --------------------------------           *
 *                                                   *
 *          PARAMETER AND COUPLING VALUES            *
 *                                                   *
 *****************************************************

  External Params
  ---------------------------------
  
 mdl_MC =    1.2700000000000000     
 mdl_MB =    4.7000000000000002     
 mdl_MT =    172.00000000000000     
 mdl_Me =    5.1099999999999995E-004
 mdl_MM =   0.10566000000000000     
 mdl_MTA =    1.7769999999999999     
 mdl_MZ =    91.188000000000002     
 mdl_MH =    125.00000000000000     
 aEWM1 =    132.50700000000001     
 mdl_Gf =    1.1663900000000000E-005
 aS =   0.11900250000000000     
 mdl_lamWS =   0.22530000000000000     
 mdl_AWS =   0.80800000000000005     
 mdl_rhoWS =   0.13200000000000001     
 mdl_etaWS =   0.34100000000000003     
 mdl_ymc =    1.2700000000000000     
 mdl_ymb =    4.2000000000000002     
 mdl_ymt =    164.50000000000000     
 mdl_yme =    5.1099999999999995E-004
 mdl_ymm =   0.10566000000000000     
 mdl_ymtau =    1.7769999999999999     
 mdl_WT =    1.5083359999999999     
 mdl_WTau =    2.2699999999999998E-012
 mdl_WZ =    2.4414039999999999     
 mdl_WW =    2.0476000000000001     
 mdl_WH =    6.3823389999999999E-003
  Internal Params
  ---------------------------------
  
 mdl_lamWS__exp__2 =    5.0760090000000001E-002
 mdl_CKM1x1 =               (0.97461995499999998,0.0000000000000000)
 mdl_CKM1x2 =               (0.22530000000000000,0.0000000000000000)
 mdl_complexi =                (0.0000000000000000,1.0000000000000000)
 mdl_lamWS__exp__3 =    1.1436248277000001E-002
 mdl_CKM1x3 =   (1.21974449623171223E-003,-3.15100661526525631E-003)
 mdl_CKM2x1 =              (-0.22530000000000000,0.0000000000000000)
 mdl_CKM2x2 =               (0.97461995499999998,0.0000000000000000)
 mdl_CKM2x3 =          (4.10141527200000022E-002,0.0000000000000000)
 mdl_CKM3x1 =   (8.02074411158428847E-003,-3.15100661526525631E-003)
 mdl_CKM3x2 =         (-4.10141527200000022E-002,0.0000000000000000)
 mdl_CKM3x3 =                (1.0000000000000000,0.0000000000000000)
 mdl_MZ__exp__2 =    8315.2513440000002     
 mdl_MZ__exp__4 =    69143404.913893804     
 mdl_sqrt__2 =    1.4142135623730951     
 mdl_MH__exp__2 =    15625.000000000000     
 mdl_conjg__CKM1x3 =    (1.21974449623171223E-003,3.15100661526525631E-003)
 mdl_conjg__CKM2x3 =         (4.10141527200000022E-002,-0.0000000000000000)
 mdl_conjg__CKM3x3 =               (1.0000000000000000,-0.0000000000000000)
 mdl_conjg__CKM2x1 =             (-0.22530000000000000,-0.0000000000000000)
 mdl_conjg__CKM3x1 =    (8.02074411158428847E-003,3.15100661526525631E-003)
 mdl_conjg__CKM2x2 =              (0.97461995499999998,-0.0000000000000000)
 mdl_conjg__CKM3x2 =        (-4.10141527200000022E-002,-0.0000000000000000)
 mdl_conjg__CKM1x1 =              (0.97461995499999998,-0.0000000000000000)
 mdl_conjg__CKM1x2 =              (0.22530000000000000,-0.0000000000000000)
 mdl_aEW =    7.5467711139788835E-003
 mdl_MW =    80.419002445756163     
 mdl_sqrt__aEW =    8.6872153846781555E-002
 mdl_ee =   0.30795376724436879     
 mdl_MW__exp__2 =    6467.2159543705357     
 mdl_sw2 =   0.22224648578577766     
 mdl_cw =   0.88190334743339216     
 mdl_sqrt__sw2 =   0.47143025548407230     
 mdl_sw =   0.47143025548407230     
 mdl_g1 =   0.34919219678733299     
 mdl_gw =   0.65323293034757990     
 mdl_vev =    246.21845810181637     
 mdl_vev__exp__2 =    60623.529110035903     
 mdl_lam =   0.12886910601690263     
 mdl_yb =    2.4123686777011714E-002
 mdl_yc =    7.2945433825725896E-003
 mdl_ye =    2.9350485578697581E-006
 mdl_ym =    6.0688303449025181E-004
 mdl_yt =   0.94484439876629200     
 mdl_ytau =    1.0206617000654717E-002
 mdl_muH =    88.388347648318430     
 mdl_I1x31 =    (2.94247341750777691E-005,7.60138966189508980E-005)
 mdl_I1x32 =          (9.89412573641803173E-004,0.0000000000000000)
 mdl_I1x33 =          (2.41236867770117137E-002,0.0000000000000000)
 mdl_I2x12 =        (-1.64346062409360450E-003,-0.0000000000000000)
 mdl_I2x13 =    (7.57835514776813383E-003,2.97721095090890987E-003)
 mdl_I2x22 =          (7.10940754326844487E-003,0.0000000000000000)
 mdl_I2x23 =        (-3.87519924676372821E-002,-0.0000000000000000)
 mdl_I2x32 =          (2.99179516315497575E-004,0.0000000000000000)
 mdl_I2x33 =               (0.94484439876629200,0.0000000000000000)
 mdl_I3x21 =         (-1.64346062409360450E-003,0.0000000000000000)
 mdl_I3x22 =          (7.10940754326844487E-003,0.0000000000000000)
 mdl_I3x23 =          (2.99179516315497575E-004,0.0000000000000000)
 mdl_I3x31 =   (7.57835514776813383E-003,-2.97721095090890987E-003)
 mdl_I3x32 =         (-3.87519924676372821E-002,0.0000000000000000)
 mdl_I3x33 =               (0.94484439876629200,0.0000000000000000)
 mdl_I4x13 =   (2.94247341750777691E-005,-7.60138966189508980E-005)
 mdl_I4x23 =          (9.89412573641803173E-004,0.0000000000000000)
 mdl_I4x33 =          (2.41236867770117137E-002,0.0000000000000000)
 mdl_ee__exp__2 =    9.4835522759998875E-002
 mdl_sw__exp__2 =   0.22224648578577769     
 mdl_cw__exp__2 =   0.77775351421422245     
  Internal Params evaluated point by point
  ----------------------------------------
  
 mdl_sqrt__aS =   0.34496738976314850     
 mdl_G__exp__2 =    1.4954295190352773     
  Couplings of sm-full
  ---------------------------------
  
        GC_11 =   0.00000E+00   0.12229E+01
         GC_2 =   0.00000E+00   0.20530E+00
         GC_3 =  -0.00000E+00  -0.30795E+00
        GC_40 =   0.00000E+00   0.46191E+00
        GC_41 =   0.00000E+00   0.45018E+00
        GC_42 =   0.00000E+00   0.10407E+00
        GC_43 =   0.14555E-02   0.56341E-03
        GC_44 =  -0.00000E+00  -0.10407E+00
        GC_45 =   0.00000E+00   0.45018E+00
        GC_46 =   0.00000E+00   0.18945E-01
        GC_49 =   0.00000E+00   0.46191E+00
        GC_50 =  -0.00000E+00  -0.28804E+00
        GC_51 =   0.00000E+00   0.28804E+00
        GC_58 =  -0.00000E+00  -0.27437E-01
        GC_59 =   0.00000E+00   0.82310E-01
        GC_93 =  -0.00000E+00  -0.42913E-03
        GC_94 =  -0.00000E+00  -0.66811E+00
       GC_100 =   0.00000E+00   0.45018E+00
       GC_101 =   0.00000E+00   0.10407E+00
       GC_102 =  -0.14555E-02   0.56341E-03
       GC_103 =   0.00000E+00  -0.10407E+00
       GC_104 =   0.00000E+00   0.45018E+00
       GC_105 =   0.00000E+00   0.18945E-01
       GC_108 =   0.00000E+00   0.46191E+00

 Collider parameters:
 --------------------

 Running at P e   machine @    3741.6573867739412       GeV
 PDF set = lhapdf 
 alpha_s(Mz)= 0.1190 running at 2 loops.
 alpha_s(Mz)= 0.1190 running at 2 loops.
 Renormalization scale set on event-by-event basis
 Factorization   scale set on event-by-event basis


 getting user params
Enter number of events and max and min iterations: 
 Number of events and iterations         1000           5           3
Enter desired fractional accuracy: 
 Desired fractional accuracy:   0.10000000000000001     
Enter 0 for fixed, 2 for adjustable grid: 
Suppress amplitude (0 no, 1 yes)? 
 Using suppressed amplitude.
Exact helicity sum (0 yes, n = number/event)? 
 Explicitly summing over helicities
Enter Configuration Number: 
Running Configuration Number:    2
 Not subdividing B.W.
 Attempting mappinvarients           1           9
 Determine nb_t
 T-channel found:            2
 Completed mapping           9
 about to integrate           18        1000           7           3          18           1
 Using non-zero grid deformation.
 18 dimensions   1000 events 18 invarients  7 iterations  1 config(s),  (0.99)
 Using h-tuple random number sequence.
 Error opening grid
 Using Uniform Grid!          36
 Using uniform alpha   1.0000000000000000     
 Grid defined OK
 Masses: 0.000E+00 0.106E+00 0.106E+00 0.470E+01 0.000E+00 0.127E+01 0.470E+01 0.106E+00 0.000E+00
 Set CM energy to       3741.66
 Mapping Graph           2  to config           2
 Determine nb_t
 T-channel found:            2
 Setting BW          -1           1   80.419002445756163     
 Setting BW          -2           2   172.00000000000000     
 Setting BW          -3           3   80.419002445756163     
 Setting BW          -4           4   172.00000000000000     
Setting grid   5    0.79743E-09   1
Setting grid   6    0.15938E-02   1
 Transforming s_hat 1/s           18   6.3796181007779174E-003   118.40312494240005        14000000.671865538     
Using random seed offsets     2 :     12
  with seed                   24
 Ranmar initialization seeds       31060        9409
  Particle       3       4       5       6       7       8       9
      Et >     0.1     0.0     0.0     0.0     0.0     0.0     0.0
       E >     0.0     0.0     0.0     0.0     0.0     0.0     0.0
     Eta <     9.0    -1.0    -1.0    -1.0    -1.0    -1.0    -1.0
   xqcut:      0.0     0.0     0.0     0.0     0.0     0.0     0.0
d R # 3  >    -0.0     0.0     0.0     0.0     0.0     0.0     0.0
d R # 4  >    -0.0    -0.0     0.0     0.0     0.0     0.0     0.0
d R # 5  >    -0.0    -0.0    -0.0     0.0     0.0     0.0     0.0
d R # 6  >    -0.0    -0.0    -0.0    -0.0     0.0     0.0     0.0
d R # 7  >    -0.0    -0.0    -0.0    -0.0    -0.0     0.0     0.0
d R # 8  >    -0.0    -0.0    -0.0    -0.0    -0.0    -0.0     0.0
s min # 3>     0.0    23.1     0.0     1.9    23.1     0.0     0.0
s min # 4>     0.0     0.0    22.1    35.6    88.4    23.1     0.0
s min # 5>     0.0     0.0     0.0     1.6    22.1     0.0     0.0
s min # 6>     0.0     0.0     0.0     0.0    35.6     1.9     0.0
s min # 7>     0.0     0.0     0.0     0.0     0.0    23.1     0.0
s min # 8>     0.0     0.0     0.0     0.0     0.0     0.0     0.0
xqcutij # 3>     0.0     0.0     0.0     0.0     0.0     0.0     0.0
xqcutij # 4>     0.0     0.0     0.0     0.0     0.0     0.0     0.0
xqcutij # 5>     0.0     0.0     0.0     0.0     0.0     0.0     0.0
xqcutij # 6>     0.0     0.0     0.0     0.0     0.0     0.0     0.0
xqcutij # 7>     0.0     0.0     0.0     0.0     0.0     0.0     0.0
xqcutij # 8>     0.0     0.0     0.0     0.0     0.0     0.0     0.0
 No cut BW           -1           1
 No cut BW           -2           2
 No cut BW           -3           3
 No cut BW           -4           4
 No cut BW           -6           5
 
 ********************************************
 * You are using the DiscreteSampler module *
 *      part of the MG5_aMC framework       *
 *         Author: Valentin Hirschi         *
 ********************************************
 
 RESET CUMULATIVE VARIABLE
 Iteration  1   Mean: 0.2321E+00 Abs mean: 0.2321E+00   Fluctuation:  0.788E-01   0.563E+02    69.0%
  1    0.2321E+00 0.2321E+00 +- 0.7880E-01     10.73
 Writing out events   4.8086779742159383E-005   10.734563846443136     
 Relative summed weights:
  0.4735E-01  0.0000E+00  0.9526E+00  0.0000E+00
 Relative number of events:
  0.4658E-01  0.0000E+00  0.9534E+00  0.0000E+00
 Events:
          47           0         962           0
 Iteration  2   Mean: 0.4354E+00 Abs mean: 0.4354E+00   Fluctuation:  0.142E+00   0.205E+03    76.2%
  2    0.4354E+00 0.4354E+00 +- 0.1424E+00     14.62
 Relative summed weights:
  0.9206E-02  0.0000E+00  0.9908E+00  0.0000E+00
 Relative number of events:
  0.4779E-01  0.0000E+00  0.9522E+00  0.0000E+00
 Events:
          95           0        1893           0
 Iteration  3   Mean: 0.2487E+01 Abs mean: 0.2487E+01   Fluctuation:  0.205E+01   0.821E+04    68.6%
  3    0.2487E+01 0.2487E+01 +- 0.2054E+01     52.23
 Relative summed weights:
  0.4534E-02  0.0000E+00  0.9955E+00  0.0000E+00
 Relative number of events:
  0.4891E-01  0.0000E+00  0.9511E+00  0.0000E+00
 Events:
         195           0        3792           0
 Accuracy:    0.815   0.100   0.226  12.944
 Found           42  events.
 Wrote            2  events.
 Actual xsec   0.49924194969220681     
 Correct abs xsec   0.49924255102944609     
 Event xsec   0.49924255102944609     
 Events wgts > 1:            1
 % Cross section > 1:    2.4561725320282335E-008   4.9197980560021714E-006
 Iteration  4   Mean: 0.5148E+00 Abs mean: 0.5148E+00   Fluctuation:  0.138E+00   0.966E+03    62.5%
  4    0.5148E+00 0.5148E+00 +- 0.1382E+00     24.01
 Relative summed weights:
  0.8821E-01  0.0000E+00  0.9118E+00  0.0000E+00
 Relative number of events:
  0.5321E-01  0.0000E+00  0.9468E+00  0.0000E+00
 Events:
         424           0        7544           0
 Accuracy:    0.502   0.100   0.173   8.413
 Found          105  events.
 Wrote            4  events.
 Actual xsec   0.60185314000381429     
 Correct abs xsec   0.60185426071191539     
 Event xsec   0.60185426071191539     
 Events wgts > 1:            1
 % Cross section > 1:    1.2067858712327961E-008   2.0051131146024043E-006
 Iteration  5   Mean: 0.5001E+00 Abs mean: 0.5001E+00   Fluctuation:  0.595E-01   0.603E+03    63.5%
  5    0.5001E+00 0.5001E+00 +- 0.5948E-01     15.04
 Relative summed weights:
  0.5942E-01  0.0000E+00  0.9406E+00  0.0000E+00
 Relative number of events:
  0.5064E-01  0.0000E+00  0.9494E+00  0.0000E+00
 Events:
         807           0       15128           0
 Accuracy:    0.248   0.100   0.098   6.406
 Found          148  events.
 Wrote           15  events.
 Actual xsec   0.53635390485729073     
 Correct abs xsec   0.53635710750292953     
 Event xsec   0.53635710750292964     
 Events wgts > 1:            2
 % Cross section > 1:    1.8674819024915718E-004   3.4817883018010934E-002
 Iteration  6   Mean: 0.5002E+00 Abs mean: 0.5002E+00   Fluctuation:  0.307E-01   0.779E+03    63.9%
  6    0.5002E+00 0.5002E+00 +- 0.3065E-01     10.96
 Relative summed weights:
  0.6193E-01  0.0000E+00  0.9381E+00  0.0000E+00
 Relative number of events:
  0.5133E-01  0.0000E+00  0.9487E+00  0.0000E+00
 Events:
        1639           0       30291           0
 Accuracy:    0.118   0.100   0.052   5.150
 Found          470  events.
 Wrote           18  events.
 Actual xsec   0.50076049006575796     
 Correct abs xsec   0.50076311794941897     
 Event xsec   0.50076311794941897     
 Events wgts > 1:            1
 % Cross section > 1:    2.4031587241013508E-009   4.7989930527273547E-007
 Iteration  7   Mean: 0.5085E+00 Abs mean: 0.5085E+00   Fluctuation:  0.233E-01   0.132E+04    64.5%
  7    0.5085E+00 0.5085E+00 +- 0.2334E-01     11.61
 Relative summed weights:
  0.4542E-01  0.0000E+00  0.9546E+00  0.0000E+00
 Relative number of events:
  0.5098E-01  0.0000E+00  0.9490E+00  0.0000E+00
 Events:
        3255           0       60589           0
 Accuracy:    0.071   0.100   0.034   4.226
 Finished due to accuracy    7.0716404228455210E-002  0.10000000000000001     

 -------------------------------------------------------------------------------
 Accumulated results:   Integral =  0.5051E+00
                        Std dev  =  0.1737E-01
                       Cross sec =  0.5051E+00
             Chi**2 per DoF.     =      4.2258
 -------------------------------------------------------------------------------
 Found         1308  events.
 Wrote           22  events.
 Actual xsec   0.50503345561291590     
 Correct abs xsec   0.50503870757927050     
 Event xsec   0.50503870757927083     
 Events wgts > 1:            0
 % Cross section > 1:    0.0000000000000000        0.0000000000000000     
-------------------------------------------------
---------------------------
 Results Last   3 iters: Integral =   0.5050E+00
                     Abs integral =   0.5050E+00
                          Std dev =   0.1773E-01
                  Chi**2 per DoF. =      0.0268
-------------------------------------------------
Thanks for using LHAPDF 6.5.5. Please make sure to cite the paper:
  Eur.Phys.J. C75 (2015) 3, 132  (http://arxiv.org/abs/1412.7420)
---------------------------
 Status  0.10000000000000001                8           7

ls status:
events.lhe
ftn26
input_app.txt
results.dat
run1_app.log
